# JRE version: Java(TM) SE Runtime Environment (8.0-b132) (build 1.8.0-b132)
# Java VM: Java HotSpot(TM) 64-Bit Server VM (25.0-b70 mixed mode bsd-amd64 compressed oops)
Heap:
 PSYoungGen      total 13312K, used 6698K [0x0000000795580000, 0x0000000796400000, 0x00000007c0000000)
  eden space 11776K, 52% used [0x0000000795580000,0x0000000795b8a9c8,0x0000000796100000)
  from space 1536K, 33% used [0x0000000796280000,0x0000000796300000,0x0000000796400000)
  to   space 1536K, 0% used [0x0000000796100000,0x0000000796100000,0x0000000796280000)
 ParOldGen       total 129536K, used 1980K [0x0000000740000000, 0x0000000747e80000, 0x0000000795580000)
  object space 129536K, 1% used [0x0000000740000000,0x00000007401ef380,0x0000000747e80000)
 Metaspace       used 6869K, capacity 7058K, committed 7296K, reserved 1056768K
  class space    used 777K, capacity 821K, committed 896K, reserved 1048576K
GC Heap History (10 events):
Event: 0.250 GC heap before
{Heap before GC invocations=6 (full 0):
 PSYoungGen      total 2560K, used 2528K [0x0000000795580000, 0x0000000795b80000, 0x00000007c0000000)
  eden space 2048K, 100% used [0x0000000795580000,0x0000000795780000,0x0000000795780000)
  from space 512K, 93% used [0x0000000795780000,0x00000007957f8020,0x0000000795800000)
  to   space 1024K, 0% used [0x0000000795a80000,0x0000000795a80000,0x0000000795b80000)
 ParOldGen       total 129536K, used 1036K [0x0000000740000000, 0x0000000747e80000, 0x0000000795580000)
  object space 129536K, 0% used [0x0000000740000000,0x0000000740103310,0x0000000747e80000)
 Metaspace       used 4441K, capacity 5612K, committed 5760K, reserved 1056768K
  class space    used 508K, capacity 552K, committed 640K, reserved 1048576K
Event: 0.251 GC heap after
Heap after GC invocations=6 (full 0):
 PSYoungGen      total 4608K, used 984K [0x0000000795580000, 0x0000000795c80000, 0x00000007c0000000)
  eden space 3584K, 0% used [0x0000000795580000,0x0000000795580000,0x0000000795900000)
  from space 1024K, 96% used [0x0000000795a80000,0x0000000795b761d0,0x0000000795b80000)
  to   space 1536K, 0% used [0x0000000795900000,0x0000000795900000,0x0000000795a80000)
 ParOldGen       total 129536K, used 1044K [0x0000000740000000, 0x0000000747e80000, 0x0000000795580000)
  object space 129536K, 0% used [0x0000000740000000,0x0000000740105310,0x0000000747e80000)
 Metaspace       used 4441K, capacity 5612K, committed 5760K, reserved 1056768K
  class space    used 508K, capacity 552K, committed 640K, reserved 1048576K
}
Event: 0.354 GC heap before
{Heap before GC invocations=7 (full 0):
 PSYoungGen      total 4608K, used 4558K [0x0000000795580000, 0x0000000795c80000, 0x00000007c0000000)
  eden space 3584K, 99% used [0x0000000795580000,0x00000007958fd700,0x0000000795900000)
  from space 1024K, 96% used [0x0000000795a80000,0x0000000795b761d0,0x0000000795b80000)
  to   space 1536K, 0% used [0x0000000795900000,0x0000000795900000,0x0000000795a80000)
 ParOldGen       total 129536K, used 1044K [0x0000000740000000, 0x0000000747e80000, 0x0000000795580000)
  object space 129536K, 0% used [0x0000000740000000,0x0000000740105310,0x0000000747e80000)
 Metaspace       used 5786K, capacity 6452K, committed 6656K, reserved 1056768K
  class space    used 666K, capacity 688K, committed 768K, reserved 1048576K
Event: 0.357 GC heap after
Heap after GC invocations=7 (full 0):
 PSYoungGen      total 5120K, used 1268K [0x0000000795580000, 0x0000000795f80000, 0x00000007c0000000)
  eden space 3584K, 0% used [0x0000000795580000,0x0000000795580000,0x0000000795900000)
  from space 1536K, 82% used [0x0000000795900000,0x0000000795a3d3e0,0x0000000795a80000)
  to   space 1536K, 0% used [0x0000000795e00000,0x0000000795e00000,0x0000000795f80000)
 ParOldGen       total 129536K, used 1332K [0x0000000740000000, 0x0000000747e80000, 0x0000000795580000)
  object space 129536K, 1% used [0x0000000740000000,0x000000074014d360,0x0000000747e80000)
 Metaspace       used 5786K, capacity 6452K, committed 6656K, reserved 1056768K
  class space    used 666K, capacity 688K, committed 768K, reserved 1048576K
}
Event: 0.460 GC heap before
{Heap before GC invocations=8 (full 0):
 PSYoungGen      total 5120K, used 4848K [0x0000000795580000, 0x0000000795f80000, 0x00000007c0000000)
  eden space 3584K, 99% used [0x0000000795580000,0x00000007958feed8,0x0000000795900000)
  from space 1536K, 82% used [0x0000000795900000,0x0000000795a3d3e0,0x0000000795a80000)
  to   space 1536K, 0% used [0x0000000795e00000,0x0000000795e00000,0x0000000795f80000)
 ParOldGen       total 129536K, used 1332K [0x0000000740000000, 0x0000000747e80000, 0x0000000795580000)
  object space 129536K, 1% used [0x0000000740000000,0x000000074014d360,0x0000000747e80000)
 Metaspace       used 6279K, capacity 6790K, committed 6912K, reserved 1056768K
  class space    used 718K, capacity 755K, committed 768K, reserved 1048576K
Event: 0.463 GC heap after
Heap after GC invocations=8 (full 0):
 PSYoungGen      total 8704K, used 838K [0x0000000795580000, 0x0000000795f80000, 0x00000007c0000000)
  eden space 7168K, 0% used [0x0000000795580000,0x0000000795580000,0x0000000795c80000)
  from space 1536K, 54% used [0x0000000795e00000,0x0000000795ed1910,0x0000000795f80000)
  to   space 1536K, 0% used [0x0000000795c80000,0x0000000795c80000,0x0000000795e00000)
 ParOldGen       total 129536K, used 1444K [0x0000000740000000, 0x0000000747e80000, 0x0000000795580000)
  object space 129536K, 1% used [0x0000000740000000,0x0000000740169360,0x0000000747e80000)
 Metaspace       used 6279K, capacity 6790K, committed 6912K, reserved 1056768K
  class space    used 718K, capacity 755K, committed 768K, reserved 1048576K
}
Event: 0.594 GC heap before
{Heap before GC invocations=9 (full 0):
 PSYoungGen      total 8704K, used 8006K [0x0000000795580000, 0x0000000795f80000, 0x00000007c0000000)
  eden space 7168K, 100% used [0x0000000795580000,0x0000000795c80000,0x0000000795c80000)
  from space 1536K, 54% used [0x0000000795e00000,0x0000000795ed1910,0x0000000795f80000)
  to   space 1536K, 0% used [0x0000000795c80000,0x0000000795c80000,0x0000000795e00000)
 ParOldGen       total 129536K, used 1444K [0x0000000740000000, 0x0000000747e80000, 0x0000000795580000)
  object space 129536K, 1% used [0x0000000740000000,0x0000000740169360,0x0000000747e80000)
 Metaspace       used 6415K, capacity 6866K, committed 6912K, reserved 1056768K
  class space    used 725K, capacity 757K, committed 768K, reserved 1048576K
Event: 0.597 GC heap after
Heap after GC invocations=9 (full 0):
 PSYoungGen      total 8704K, used 944K [0x0000000795580000, 0x0000000796400000, 0x00000007c0000000)
  eden space 7168K, 0% used [0x0000000795580000,0x0000000795580000,0x0000000795c80000)
  from space 1536K, 61% used [0x0000000795c80000,0x0000000795d6c010,0x0000000795e00000)
  to   space 1536K, 0% used [0x0000000796280000,0x0000000796280000,0x0000000796400000)
 ParOldGen       total 129536K, used 1572K [0x0000000740000000, 0x0000000747e80000, 0x0000000795580000)
  object space 129536K, 1% used [0x0000000740000000,0x0000000740189360,0x0000000747e80000)
 Metaspace       used 6415K, capacity 6866K, committed 6912K, reserved 1056768K
  class space    used 725K, capacity 757K, committed 768K, reserved 1048576K
}
Event: 0.691 GC heap before
{Heap before GC invocations=10 (full 0):
 PSYoungGen      total 8704K, used 8112K [0x0000000795580000, 0x0000000796400000, 0x00000007c0000000)
  eden space 7168K, 100% used [0x0000000795580000,0x0000000795c80000,0x0000000795c80000)
  from space 1536K, 61% used [0x0000000795c80000,0x0000000795d6c010,0x0000000795e00000)
  to   space 1536K, 0% used [0x0000000796280000,0x0000000796280000,0x0000000796400000)
 ParOldGen       total 129536K, used 1572K [0x0000000740000000, 0x0000000747e80000, 0x0000000795580000)
  object space 129536K, 1% used [0x0000000740000000,0x0000000740189360,0x0000000747e80000)
 Metaspace       used 6563K, capacity 6962K, committed 7296K, reserved 1056768K
  class space    used 738K, capacity 789K, committed 896K, reserved 1048576K
Event: 0.693 GC heap after
Heap after GC invocations=10 (full 0):
 PSYoungGen      total 13312K, used 512K [0x0000000795580000, 0x0000000796400000, 0x00000007c0000000)
  eden space 11776K, 0% used [0x0000000795580000,0x0000000795580000,0x0000000796100000)
  from space 1536K, 33% used [0x0000000796280000,0x0000000796300000,0x0000000796400000)
  to   space 1536K, 0% used [0x0000000796100000,0x0000000796100000,0x0000000796280000)
 ParOldGen       total 129536K, used 1980K [0x0000000740000000, 0x0000000747e80000, 0x0000000795580000)
  object space 129536K, 1% used [0x0000000740000000,0x00000007401ef380,0x0000000747e80000)
 Metaspace       used 6563K, capacity 6962K, committed 7296K, reserved 1056768K
  class space    used 738K, capacity 789K, committed 896K, reserved 1048576K
}

